<?xml version="1.0" encoding="UTF-8"?>
<!-- Generated by org.testng.reporters.JUnitReportReporter -->
<testsuite hostname="Hp" failures="0" tests="1" name="TestCases.TC001_AccountRegistrationTest" time="7.871" errors="0" timestamp="2022-11-16T22:59:16 IST" skipped="0">
  <testcase classname="TestCases.TC001_AccountRegistrationTest" name="test_account_Registration" time="7.871"/>
  <system-out/>
</testsuite> <!-- TestCases.TC001_AccountRegistrationTest -->
