<?xml version="1.0" encoding="UTF-8"?>
<!-- Generated by org.testng.reporters.JUnitReportReporter -->
<testsuite hostname="Hp" failures="0" tests="1" name="TestCases.TC001_AccountRegistrationTest" time="8.938" errors="0" timestamp="2022-11-17T08:56:14 IST" skipped="0">
  <testcase classname="TestCases.TC001_AccountRegistrationTest" name="test_account_Registration" time="8.938"/>
  <system-out/>
</testsuite> <!-- TestCases.TC001_AccountRegistrationTest -->
